<?xml version="1.0" encoding="UTF-8"?>
<testsuite xmlns:xsi="http://www.w3.org/2001/XMLSchema-instance" xsi:noNamespaceSchemaLocation="https://maven.apache.org/surefire/maven-surefire-plugin/xsd/surefire-test-report-3.0.xsd" version="3.0" name="com.phonecase.service.ValidationUtilTest" time="0.172" tests="28" errors="0" skipped="0" failures="0">
  <properties>
[...]
</properties>
  <testcase name="testValidPassword" classname="com.phonecase.service.ValidationUtilTest" time="0.002"/>
  <testcase name="testShortPassword" classname="com.phonecase.service.ValidationUtilTest" time="0.0"/>
  <testcase name="testPasswordErrorNull" classname="com.phonecase.service.ValidationUtilTest" time="0.002"/>
  <testcase name="testInvalidUsernames(String)[1]" classname="com.phonecase.service.ValidationUtilTest" time="0.044"/>
  <testcase name="testInvalidUsernames(String)[2]" classname="com.phonecase.service.ValidationUtilTest" time="0.001"/>
  <testcase name="testInvalidUsernames(String)[3]" classname="com.phonecase.service.ValidationUtilTest" time="0.0"/>
  <testcase name="testInvalidUsernames(String)[4]" classname="com.phonecase.service.ValidationUtilTest" time="0.001"/>
  <testcase name="testInvalidUsernames(String)[5]" classname="com.phonecase.service.ValidationUtilTest" time="0.001"/>
  <testcase name="testPasswordErrorShort" classname="com.phonecase.service.ValidationUtilTest" time="0.001"/>
  <testcase name="testEmailErrorNull" classname="com.phonecase.service.ValidationUtilTest" time="0.001"/>
  <testcase name="testEmailErrorMessage" classname="com.phonecase.service.ValidationUtilTest" time="0.001"/>
  <testcase name="testInvalidEmails(String)[1]" classname="com.phonecase.service.ValidationUtilTest" time="0.001"/>
  <testcase name="testInvalidEmails(String)[2]" classname="com.phonecase.service.ValidationUtilTest" time="0.001"/>
  <testcase name="testInvalidEmails(String)[3]" classname="com.phonecase.service.ValidationUtilTest" time="0.0"/>
  <testcase name="testInvalidEmails(String)[4]" classname="com.phonecase.service.ValidationUtilTest" time="0.0"/>
  <testcase name="testInvalidEmails(String)[5]" classname="com.phonecase.service.ValidationUtilTest" time="0.0"/>
  <testcase name="testNegativePrice" classname="com.phonecase.service.ValidationUtilTest" time="0.0"/>
  <testcase name="testValidEmails(String)[1]" classname="com.phonecase.service.ValidationUtilTest" time="0.001"/>
  <testcase name="testValidEmails(String)[2]" classname="com.phonecase.service.ValidationUtilTest" time="0.0"/>
  <testcase name="testValidEmails(String)[3]" classname="com.phonecase.service.ValidationUtilTest" time="0.0"/>
  <testcase name="testValidEmails(String)[4]" classname="com.phonecase.service.ValidationUtilTest" time="0.0"/>
  <testcase name="testNullEmail" classname="com.phonecase.service.ValidationUtilTest" time="0.001"/>
  <testcase name="testValidPrices" classname="com.phonecase.service.ValidationUtilTest" time="0.001"/>
  <testcase name="testValidUsernames(String)[1]" classname="com.phonecase.service.ValidationUtilTest" time="0.0"/>
  <testcase name="testValidUsernames(String)[2]" classname="com.phonecase.service.ValidationUtilTest" time="0.0"/>
  <testcase name="testValidUsernames(String)[3]" classname="com.phonecase.service.ValidationUtilTest" time="0.0"/>
  <testcase name="testValidUsernames(String)[4]" classname="com.phonecase.service.ValidationUtilTest" time="0.0"/>
  <testcase name="testValidUsernames(String)[5]" classname="com.phonecase.service.ValidationUtilTest" time="0.001"/>
</testsuite>